2024-02-25 06:37:05.778 [info] Reading sessions from keychain...
2024-02-25 06:37:05.778 [info] Getting sessions for all scopes...
2024-02-25 06:37:05.778 [info] Getting sessions for user:email...
2024-02-25 06:37:05.778 [info] Got stored sessions!
2024-02-25 06:37:05.778 [info] Got 1 verified sessions.
2024-02-25 06:37:05.778 [info] Got 1 sessions for ...
2024-02-25 06:37:05.778 [info] Got 1 sessions for user:email...
2024-02-25 06:37:05.778 [info] Getting sessions for all scopes...
2024-02-25 06:37:05.778 [info] Got 1 sessions for ...
2024-02-25 06:37:14.771 [info] Reading sessions from keychain...
2024-02-25 06:37:14.771 [info] Getting sessions for user:email...
2024-02-25 06:37:14.771 [info] Got stored sessions!
2024-02-25 06:37:14.771 [info] Got 1 verified sessions.
2024-02-25 06:37:14.772 [info] Got 1 sessions for user:email...
2024-02-25 06:37:14.772 [info] Getting sessions for all scopes...
2024-02-25 06:37:14.772 [info] Got 1 sessions for ...
2024-02-25 06:37:24.030 [info] Getting sessions for all scopes...
2024-02-25 06:37:24.030 [info] Got 1 sessions for ...
2024-02-25 06:38:37.983 [info] Reading sessions from keychain...
2024-02-25 06:38:37.984 [info] Getting sessions for user:email...
2024-02-25 06:38:38.094 [info] Got stored sessions!
2024-02-25 06:38:38.094 [info] Got 1 verified sessions.
2024-02-25 06:38:38.094 [info] Got 1 sessions for user:email...
2024-02-25 06:38:38.580 [info] Getting sessions for all scopes...
2024-02-25 06:38:38.580 [info] Got 1 sessions for ...
2024-02-25 06:42:14.514 [info] Reading sessions from keychain...
2024-02-25 06:42:14.514 [info] Getting sessions for user:email...
2024-02-25 06:42:14.514 [info] Got stored sessions!
2024-02-25 06:42:14.514 [info] Got 1 verified sessions.
2024-02-25 06:42:14.514 [info] Got 1 sessions for user:email...
2024-02-25 06:42:14.893 [info] Getting sessions for all scopes...
2024-02-25 06:42:14.893 [info] Got 1 sessions for ...
2024-02-25 06:43:41.083 [info] Reading sessions from keychain...
2024-02-25 06:43:41.083 [info] Getting sessions for user:email...
2024-02-25 06:43:41.083 [info] Getting sessions for all scopes...
2024-02-25 06:43:41.083 [info] Got stored sessions!
2024-02-25 06:43:41.083 [info] Got 1 verified sessions.
2024-02-25 06:43:41.083 [info] Got 1 sessions for user:email...
2024-02-25 06:43:41.083 [info] Got 1 sessions for ...
2024-02-25 06:43:41.083 [info] Getting sessions for all scopes...
2024-02-25 06:43:41.083 [info] Got 1 sessions for ...
2024-02-25 06:43:45.822 [info] Getting sessions for all scopes...
2024-02-25 06:43:45.823 [info] Got 1 sessions for ...
2024-02-25 06:43:49.283 [info] Getting sessions for all scopes...
2024-02-25 06:43:49.283 [info] Got 1 sessions for ...
2024-02-25 06:44:00.742 [info] Getting sessions for user:email...
2024-02-25 06:44:00.743 [info] Got 1 sessions for user:email...
2024-02-25 06:44:00.755 [info] Getting sessions for user:email...
2024-02-25 06:44:00.755 [info] Got 1 sessions for user:email...
2024-02-25 06:44:00.817 [info] Getting sessions for all scopes...
2024-02-25 06:44:00.817 [info] Got 1 sessions for ...
2024-02-25 06:51:16.857 [info] Reading sessions from keychain...
2024-02-25 06:51:16.857 [info] Getting sessions for user:email...
2024-02-25 06:51:16.857 [info] Got stored sessions!
2024-02-25 06:51:16.857 [info] Got 1 verified sessions.
2024-02-25 06:51:16.857 [info] Got 1 sessions for user:email...
2024-02-25 06:51:16.857 [info] Getting sessions for all scopes...
2024-02-25 06:51:16.858 [info] Got 1 sessions for ...
2024-02-25 06:51:16.858 [info] Getting sessions for user:email...
2024-02-25 06:51:16.858 [info] Got 1 sessions for user:email...
2024-02-25 06:51:16.858 [info] Getting sessions for all scopes...
2024-02-25 06:51:16.858 [info] Got 1 sessions for ...
2024-02-25 06:55:01.879 [info] Reading sessions from keychain...
2024-02-25 06:55:01.879 [info] Getting sessions for user:email...
2024-02-25 06:55:01.879 [info] Got stored sessions!
2024-02-25 06:55:01.879 [info] Got 1 verified sessions.
2024-02-25 06:55:01.879 [info] Got 1 sessions for user:email...
2024-02-25 06:55:01.879 [info] Getting sessions for all scopes...
2024-02-25 06:55:01.879 [info] Got 1 sessions for ...
2024-02-25 06:55:02.157 [info] Getting sessions for all scopes...
2024-02-25 06:55:02.157 [info] Got 1 sessions for ...
2024-02-25 06:55:02.245 [info] Getting sessions for user:email...
2024-02-25 06:55:02.245 [info] Got 1 sessions for user:email...
