2024-02-25 20:18:22.369 [info] Configuration changed
2024-02-25 20:18:48.778 [info] Active editor: file:///home/fikri/.vscode/extensions/vintharas.learn-vim-0.0.28/exercises/foreword.md
2024-02-25 20:18:52.546 [info] Active editor: file:///home/fikri/.vscode/extensions/vintharas.learn-vim-0.0.28/exercises/04-moving-blazingly-fast-with-the-core-vim-motions.md
2024-02-25 20:19:55.296 [info] Active editor: file:///home/fikri/.vscode/extensions/vintharas.learn-vim-0.0.28/exercises/04-moving-blazingly-fast-with-the-core-vim-motions.md
2024-02-25 20:20:27.912 [info] Active editor: file:///home/fikri/.vscode/extensions/vintharas.learn-vim-0.0.28/exercises/04-moving-blazingly-fast-with-the-core-vim-motions.md
2024-02-25 20:21:21.675 [info] Active editor: file:///home/fikri/.vscode/extensions/vintharas.learn-vim-0.0.28/exercises/04-moving-blazingly-fast-with-the-core-vim-motions.md
2024-02-25 20:21:47.796 [info] /home/fikri/.vscode/extensions/vintharas.learn-vim-0.0.28/exercises/foreword.md closed
2024-02-25 20:22:34.167 [info] Active editor: file:///home/fikri/.vscode/extensions/vintharas.learn-vim-0.0.28/exercises/04-moving-blazingly-fast-with-the-core-vim-motions.md
2024-02-25 20:22:56.232 [info] Active editor: file:///home/fikri/.vscode/extensions/vintharas.learn-vim-0.0.28/exercises/04-moving-blazingly-fast-with-the-core-vim-motions.md
2024-02-25 20:24:16.710 [info] Active editor: file:///home/fikri/.vscode/extensions/vintharas.learn-vim-0.0.28/exercises/04-moving-blazingly-fast-with-the-core-vim-motions.md
2024-02-25 20:24:29.417 [info] Active editor: file:///home/fikri/.vscode/extensions/vintharas.learn-vim-0.0.28/exercises/04-moving-blazingly-fast-with-the-core-vim-motions.md
2024-02-25 20:24:58.983 [info] Active editor: file:///home/fikri/.vscode/extensions/vintharas.learn-vim-0.0.28/exercises/05-editing-like-magic-with-vim-operators.md
2024-02-25 20:25:00.383 [info] /home/fikri/.vscode/extensions/vintharas.learn-vim-0.0.28/exercises/04-moving-blazingly-fast-with-the-core-vim-motions.md closed
2024-02-25 20:30:44.385 [info] Active editor: file:///home/fikri/.vscode/extensions/vintharas.learn-vim-0.0.28/exercises/05-editing-like-magic-with-vim-operators.md
2024-02-25 20:31:36.525 [info] Searching for florkin
2024-02-25 20:33:45.697 [info] Active editor: file:///home/fikri/.vscode/extensions/vintharas.learn-vim-0.0.28/exercises/05-editing-like-magic-with-vim-operators.md
2024-02-25 20:38:53.938 [info] Active editor: file:///home/fikri/.vscode/extensions/vintharas.learn-vim-0.0.28/exercises/06-vims-secret-language.md
2024-02-25 20:38:55.245 [info] /home/fikri/.vscode/extensions/vintharas.learn-vim-0.0.28/exercises/05-editing-like-magic-with-vim-operators.md closed
2024-02-25 20:40:22.514 [info] Active editor: file:///home/fikri/.vscode/extensions/vintharas.learn-vim-0.0.28/exercises/07-inserting-text.md
2024-02-25 20:41:27.282 [info] Active editor: file:///home/fikri/.vscode/extensions/vintharas.learn-vim-0.0.28/exercises/07-inserting-text.md
2024-02-25 20:41:53.896 [info] /home/fikri/.vscode/extensions/vintharas.learn-vim-0.0.28/exercises/06-vims-secret-language.md closed
2024-02-25 20:43:12.769 [info] Active editor: file:///home/fikri/.vscode/extensions/vintharas.learn-vim-0.0.28/exercises/07-inserting-text.md
2024-02-25 20:44:43.593 [info] Active editor: file:///home/fikri/.vscode/extensions/vintharas.learn-vim-0.0.28/exercises/08-selecting-text.md
2024-02-25 20:44:44.595 [info] /home/fikri/.vscode/extensions/vintharas.learn-vim-0.0.28/exercises/07-inserting-text.md closed
2024-02-25 20:45:18.778 [info] Active editor: file:///home/fikri/.vscode/extensions/vintharas.learn-vim-0.0.28/exercises/08-selecting-text.md
2024-02-25 20:45:41.541 [info] Active editor: file:///home/fikri/.vscode/extensions/vintharas.learn-vim-0.0.28/exercises/08-selecting-text.md
2024-02-25 20:46:10.489 [info] Active editor: file:///home/fikri/.vscode/extensions/vintharas.learn-vim-0.0.28/exercises/08-selecting-text.md
2024-02-25 20:48:33.245 [info] Active editor: file:///home/fikri/.vscode/extensions/vintharas.learn-vim-0.0.28/exercises/09-switftly-operate-on-search-matches.md
2024-02-25 20:48:34.532 [info] /home/fikri/.vscode/extensions/vintharas.learn-vim-0.0.28/exercises/08-selecting-text.md closed
2024-02-25 20:51:12.990 [info] Active editor: file:///home/fikri/.vscode/extensions/vintharas.learn-vim-0.0.28/exercises/10-copy-paste.md
2024-02-25 20:51:33.221 [info] /home/fikri/.vscode/extensions/vintharas.learn-vim-0.0.28/exercises/09-switftly-operate-on-search-matches.md closed
2024-02-25 20:53:35.967 [info] Active editor: file:///home/fikri/.vscode/extensions/vintharas.learn-vim-0.0.28/exercises/11-command-line-mode.md
2024-02-25 20:53:40.595 [info] Active editor: file:///home/fikri/.vscode/extensions/vintharas.learn-vim-0.0.28/exercises/13-surrounding-things-with-vim-surround.md
2024-02-25 20:54:12.726 [info] /home/fikri/.vscode/extensions/vintharas.learn-vim-0.0.28/exercises/10-copy-paste.md closed
2024-02-25 20:56:35.733 [info] /home/fikri/.vscode/extensions/vintharas.learn-vim-0.0.28/exercises/11-command-line-mode.md closed
2024-02-25 20:58:10.773 [info] Active editor: file:///home/fikri/.vscode/extensions/vintharas.learn-vim-0.0.28/exercises/13-surrounding-things-with-vim-surround.md
2024-02-25 20:58:34.191 [info] Active editor: file:///home/fikri/.vscode/extensions/vintharas.learn-vim-0.0.28/exercises/21-cheatsheet.md
2024-02-25 20:58:35.263 [info] /home/fikri/.vscode/extensions/vintharas.learn-vim-0.0.28/exercises/13-surrounding-things-with-vim-surround.md closed
2024-02-25 21:00:01.475 [info] Active editor: file:///home/fikri/.vscode/extensions/vintharas.learn-vim-0.0.28/exercises/21-cheatsheet.md
