2024-02-25 06:36:58.908 [info] Log level: Info
2024-02-25 06:36:58.908 [info] Validating found git in: "git"
2024-02-25 06:36:58.908 [info] Using git "2.43.2" from "git"
2024-02-25 06:36:58.908 [info] > git rev-parse --show-toplevel [246ms]
2024-02-25 06:36:58.908 [info] fatal: not a git repository (or any of the parent directories): .git
2024-02-25 06:36:58.908 [info] > git rev-parse --show-toplevel [20ms]
2024-02-25 06:36:58.908 [info] fatal: not a git repository (or any of the parent directories): .git
2024-02-25 06:36:58.913 [info] > git rev-parse --show-toplevel [6ms]
2024-02-25 06:36:58.913 [info] fatal: not a git repository (or any of the parent directories): .git
2024-02-25 06:37:03.494 [info] > git rev-parse --show-toplevel [575ms]
2024-02-25 06:37:03.494 [info] fatal: not a git repository (or any of the parent directories): .git
2024-02-25 06:37:04.447 [info] > git rev-parse --show-toplevel [270ms]
2024-02-25 06:37:04.447 [info] fatal: not a git repository (or any of the parent directories): .git
2024-02-25 06:37:04.743 [info] > git rev-parse --show-toplevel [121ms]
2024-02-25 06:37:04.743 [info] fatal: not a git repository (or any of the parent directories): .git
2024-02-25 06:37:04.960 [info] > git rev-parse --show-toplevel [102ms]
2024-02-25 06:37:04.960 [info] fatal: not a git repository (or any of the parent directories): .git
2024-02-25 06:37:17.095 [info] Log level: Info
2024-02-25 06:37:17.095 [info] Validating found git in: "git"
2024-02-25 06:37:17.095 [info] Using git "2.43.2" from "git"
2024-02-25 06:37:17.095 [info] > git rev-parse --show-toplevel [19ms]
2024-02-25 06:37:17.095 [info] fatal: not a git repository (or any of the parent directories): .git
2024-02-25 06:37:17.107 [info] > git rev-parse --show-toplevel [14ms]
2024-02-25 06:37:17.107 [info] fatal: not a git repository (or any of the parent directories): .git
2024-02-25 06:37:17.154 [info] > git rev-parse --show-toplevel [4ms]
2024-02-25 06:37:17.154 [info] fatal: not a git repository (or any of the parent directories): .git
2024-02-25 06:38:34.043 [info] Log level: Info
2024-02-25 06:38:34.043 [info] Validating found git in: "git"
2024-02-25 06:38:34.043 [info] Using git "2.43.2" from "git"
2024-02-25 06:38:34.043 [info] > git rev-parse --show-toplevel [48ms]
2024-02-25 06:38:34.043 [info] fatal: not a git repository (or any of the parent directories): .git
2024-02-25 06:38:34.052 [info] > git rev-parse --show-toplevel [17ms]
2024-02-25 06:38:34.052 [info] fatal: not a git repository (or any of the parent directories): .git
2024-02-25 06:38:34.141 [info] > git rev-parse --show-toplevel [27ms]
2024-02-25 06:38:34.141 [info] fatal: not a git repository (or any of the parent directories): .git
2024-02-25 06:38:37.705 [info] > git rev-parse --show-toplevel [13ms]
2024-02-25 06:38:37.705 [info] fatal: not a git repository (or any of the parent directories): .git
2024-02-25 06:38:38.416 [info] > git rev-parse --show-toplevel [4ms]
2024-02-25 06:38:38.416 [info] fatal: not a git repository (or any of the parent directories): .git
2024-02-25 06:38:38.851 [info] > git rev-parse --show-toplevel [25ms]
2024-02-25 06:38:38.851 [info] fatal: not a git repository (or any of the parent directories): .git
2024-02-25 06:38:58.171 [info] > git rev-parse --show-toplevel [87ms]
2024-02-25 06:38:58.171 [info] fatal: not a git repository (or any of the parent directories): .git
2024-02-25 06:40:20.145 [info] > git rev-parse --show-toplevel [45ms]
2024-02-25 06:40:20.145 [info] fatal: not a git repository (or any of the parent directories): .git
2024-02-25 06:40:20.874 [info] > git rev-parse --show-toplevel [13ms]
2024-02-25 06:40:20.874 [info] fatal: not a git repository (or any of the parent directories): .git
2024-02-25 06:41:18.418 [info] > git rev-parse --show-toplevel [26ms]
2024-02-25 06:41:18.420 [info] fatal: not a git repository (or any of the parent directories): .git
2024-02-25 06:42:09.390 [info] Log level: Info
2024-02-25 06:42:09.390 [info] Validating found git in: "git"
2024-02-25 06:42:09.390 [info] Using git "2.43.2" from "git"
2024-02-25 06:42:09.390 [info] > git rev-parse --show-toplevel [16ms]
2024-02-25 06:42:09.390 [info] fatal: not a git repository (or any of the parent directories): .git
2024-02-25 06:42:09.390 [info] > git rev-parse --show-toplevel [18ms]
2024-02-25 06:42:09.390 [info] fatal: not a git repository (or any of the parent directories): .git
2024-02-25 06:42:09.390 [info] > git rev-parse --show-toplevel [4ms]
2024-02-25 06:42:09.390 [info] fatal: not a git repository (or any of the parent directories): .git
2024-02-25 06:42:09.390 [info] > git rev-parse --show-toplevel [6ms]
2024-02-25 06:42:09.390 [info] fatal: not a git repository (or any of the parent directories): .git
2024-02-25 06:42:14.096 [info] > git rev-parse --show-toplevel [406ms]
2024-02-25 06:42:14.096 [info] fatal: not a git repository (or any of the parent directories): .git
2024-02-25 06:42:14.333 [info] > git rev-parse --show-toplevel [64ms]
2024-02-25 06:42:14.333 [info] fatal: not a git repository (or any of the parent directories): .git
2024-02-25 06:42:15.296 [info] > git rev-parse --show-toplevel [125ms]
2024-02-25 06:42:15.296 [info] fatal: not a git repository (or any of the parent directories): .git
2024-02-25 06:43:41.724 [info] Log level: Info
2024-02-25 06:43:41.724 [info] Validating found git in: "git"
2024-02-25 06:43:41.724 [info] Using git "2.43.2" from "git"
2024-02-25 06:43:41.724 [info] > git rev-parse --show-toplevel [110ms]
2024-02-25 06:43:41.724 [info] fatal: not a git repository (or any of the parent directories): .git
2024-02-25 06:43:42.010 [info] > git rev-parse --show-toplevel [187ms]
2024-02-25 06:43:42.011 [info] fatal: not a git repository (or any of the parent directories): .git
2024-02-25 06:43:42.238 [info] > git rev-parse --show-toplevel [162ms]
2024-02-25 06:43:42.238 [info] fatal: not a git repository (or any of the parent directories): .git
2024-02-25 06:43:45.742 [info] > git rev-parse --show-toplevel [1352ms]
2024-02-25 06:43:45.743 [info] fatal: not a git repository (or any of the parent directories): .git
2024-02-25 06:51:18.399 [info] Log level: Info
2024-02-25 06:51:18.399 [info] Validating found git in: "git"
2024-02-25 06:51:18.399 [info] Using git "2.43.2" from "git"
2024-02-25 06:51:18.399 [info] > git rev-parse --show-toplevel [229ms]
2024-02-25 06:51:18.399 [info] fatal: not a git repository (or any of the parent directories): .git
2024-02-25 06:51:18.493 [info] > git rev-parse --show-toplevel [101ms]
2024-02-25 06:51:18.493 [info] fatal: not a git repository (or any of the parent directories): .git
2024-02-25 06:51:20.372 [info] > git rev-parse --show-toplevel [1825ms]
2024-02-25 06:51:20.372 [info] fatal: not a git repository (or any of the parent directories): .git
2024-02-25 06:52:03.567 [info] > git rev-parse --show-toplevel [19ms]
2024-02-25 06:52:03.567 [info] fatal: not a git repository (or any of the parent directories): .git
2024-02-25 06:53:11.290 [info] > git rev-parse --show-toplevel [45ms]
2024-02-25 06:53:11.290 [info] fatal: not a git repository (or any of the parent directories): .git
2024-02-25 06:54:21.303 [info] > git rev-parse --show-toplevel [24ms]
2024-02-25 06:54:21.303 [info] fatal: not a git repository (or any of the parent directories): .git
2024-02-25 06:55:00.313 [info] Log level: Info
2024-02-25 06:55:00.313 [info] Validating found git in: "git"
2024-02-25 06:55:00.313 [info] Using git "2.43.2" from "git"
2024-02-25 06:55:00.313 [info] > git rev-parse --show-toplevel [171ms]
2024-02-25 06:55:00.313 [info] fatal: not a git repository (or any of the parent directories): .git
2024-02-25 06:55:00.313 [info] > git rev-parse --show-toplevel [41ms]
2024-02-25 06:55:00.313 [info] fatal: not a git repository (or any of the parent directories): .git
2024-02-25 06:55:00.313 [info] > git rev-parse --show-toplevel [266ms]
2024-02-25 06:55:00.313 [info] fatal: not a git repository (or any of the parent directories): .git
2024-02-25 06:55:00.313 [info] > git rev-parse --show-toplevel [470ms]
2024-02-25 06:55:00.313 [info] fatal: not a git repository (or any of the parent directories): .git
2024-02-25 06:55:00.684 [info] > git rev-parse --show-toplevel [252ms]
2024-02-25 06:55:00.684 [info] fatal: not a git repository (or any of the parent directories): .git
2024-02-25 06:55:01.600 [info] > git rev-parse --show-toplevel [377ms]
2024-02-25 06:55:01.600 [info] fatal: not a git repository (or any of the parent directories): .git
2024-02-25 06:55:01.831 [info] > git rev-parse --show-toplevel [65ms]
2024-02-25 06:55:01.831 [info] fatal: not a git repository (or any of the parent directories): .git
2024-02-25 06:55:02.241 [info] > git rev-parse --show-toplevel [218ms]
2024-02-25 06:55:02.242 [info] fatal: not a git repository (or any of the parent directories): .git
2024-02-25 06:55:49.490 [info] > git rev-parse --show-toplevel [68ms]
2024-02-25 06:55:49.490 [info] fatal: not a git repository (or any of the parent directories): .git
2024-02-25 06:55:52.575 [info] > git rev-parse --show-toplevel [22ms]
2024-02-25 06:55:52.575 [info] fatal: not a git repository (or any of the parent directories): .git
2024-02-25 06:56:18.947 [info] > git rev-parse --show-toplevel [209ms]
2024-02-25 06:56:18.947 [info] fatal: not a git repository (or any of the parent directories): .git
2024-02-25 06:56:43.653 [info] > git rev-parse --show-toplevel [59ms]
2024-02-25 06:56:43.653 [info] fatal: not a git repository (or any of the parent directories): .git
2024-02-25 06:57:59.216 [info] > git rev-parse --show-toplevel [63ms]
2024-02-25 06:57:59.216 [info] fatal: not a git repository (or any of the parent directories): .git
2024-02-25 06:58:10.320 [info] > git rev-parse --show-toplevel [64ms]
2024-02-25 06:58:10.320 [info] fatal: not a git repository (or any of the parent directories): .git
2024-02-25 07:02:30.842 [info] > git rev-parse --show-toplevel [32ms]
2024-02-25 07:02:30.842 [info] fatal: not a git repository (or any of the parent directories): .git
2024-02-25 07:02:30.968 [info] > git rev-parse --show-toplevel [34ms]
2024-02-25 07:02:30.968 [info] fatal: not a git repository (or any of the parent directories): .git
2024-02-25 07:02:37.637 [info] > git rev-parse --show-toplevel [7ms]
2024-02-25 07:02:37.637 [info] fatal: not a git repository (or any of the parent directories): .git
2024-02-25 07:11:58.599 [info] > git rev-parse --show-toplevel [40ms]
2024-02-25 07:11:58.599 [info] fatal: not a git repository (or any of the parent directories): .git
2024-02-25 07:11:58.765 [info] > git rev-parse --show-toplevel [109ms]
2024-02-25 07:11:58.765 [info] fatal: not a git repository (or any of the parent directories): .git
2024-02-25 07:12:00.138 [info] > git rev-parse --show-toplevel [5ms]
2024-02-25 07:12:00.138 [info] fatal: not a git repository (or any of the parent directories): .git
2024-02-25 07:14:01.086 [info] > git rev-parse --show-toplevel [71ms]
2024-02-25 07:14:01.086 [info] fatal: not a git repository (or any of the parent directories): .git
2024-02-25 07:14:13.205 [info] > git rev-parse --show-toplevel [6ms]
2024-02-25 07:14:13.205 [info] fatal: not a git repository (or any of the parent directories): .git
2024-02-25 07:14:13.311 [info] > git rev-parse --show-toplevel [71ms]
2024-02-25 07:14:13.311 [info] fatal: not a git repository (or any of the parent directories): .git
2024-02-25 07:14:18.497 [info] > git rev-parse --show-toplevel [10ms]
2024-02-25 07:14:18.497 [info] fatal: not a git repository (or any of the parent directories): .git
2024-02-25 07:14:18.560 [info] > git rev-parse --show-toplevel [7ms]
2024-02-25 07:14:18.560 [info] fatal: not a git repository (or any of the parent directories): .git
2024-02-25 07:14:18.603 [info] > git rev-parse --show-toplevel [3ms]
2024-02-25 07:14:18.603 [info] fatal: not a git repository (or any of the parent directories): .git
2024-02-25 07:14:21.442 [info] > git rev-parse --show-toplevel [5ms]
2024-02-25 07:14:21.442 [info] fatal: not a git repository (or any of the parent directories): .git
2024-02-25 07:38:28.104 [info] > git rev-parse --show-toplevel [128ms]
2024-02-25 07:38:28.104 [info] fatal: not a git repository (or any of the parent directories): .git
2024-02-25 07:38:36.309 [info] > git rev-parse --show-toplevel [148ms]
2024-02-25 07:38:36.309 [info] fatal: not a git repository (or any of the parent directories): .git
2024-02-25 07:38:41.311 [info] > git rev-parse --show-toplevel [53ms]
2024-02-25 07:38:41.311 [info] fatal: not a git repository (or any of the parent directories): .git
2024-02-25 07:39:01.279 [info] > git rev-parse --show-toplevel [64ms]
2024-02-25 07:39:01.279 [info] fatal: not a git repository (or any of the parent directories): .git
2024-02-25 07:39:24.908 [info] > git rev-parse --show-toplevel [94ms]
2024-02-25 07:39:24.908 [info] fatal: not a git repository (or any of the parent directories): .git
2024-02-25 07:42:05.166 [info] > git rev-parse --show-toplevel [209ms]
2024-02-25 07:42:05.166 [info] fatal: not a git repository (or any of the parent directories): .git
2024-02-25 07:42:05.321 [info] > git rev-parse --show-toplevel [19ms]
2024-02-25 07:42:05.321 [info] fatal: not a git repository (or any of the parent directories): .git
2024-02-25 07:42:06.671 [info] > git rev-parse --show-toplevel [3ms]
2024-02-25 07:42:06.671 [info] fatal: not a git repository (or any of the parent directories): .git
2024-02-25 08:12:18.429 [info] > git rev-parse --show-toplevel [111ms]
2024-02-25 08:12:18.429 [info] fatal: not a git repository (or any of the parent directories): .git
2024-02-25 08:12:18.513 [info] > git rev-parse --show-toplevel [9ms]
2024-02-25 08:12:18.513 [info] fatal: not a git repository (or any of the parent directories): .git
2024-02-25 08:12:23.761 [info] > git rev-parse --show-toplevel [8ms]
2024-02-25 08:12:23.761 [info] fatal: not a git repository (or any of the parent directories): .git
2024-02-25 08:13:27.358 [info] > git rev-parse --show-toplevel [40ms]
2024-02-25 08:13:27.358 [info] fatal: not a git repository (or any of the parent directories): .git
2024-02-25 08:13:27.476 [info] > git rev-parse --show-toplevel [81ms]
2024-02-25 08:13:27.476 [info] fatal: not a git repository (or any of the parent directories): .git
2024-02-25 08:13:32.502 [info] > git rev-parse --show-toplevel [15ms]
2024-02-25 08:13:32.502 [info] fatal: not a git repository (or any of the parent directories): .git
