2024-02-25 06:38:59.602 [info] Starting TS Server
2024-02-25 06:38:59.602 [info] Using tsserver from: /opt/visual-studio-code/resources/app/extensions/node_modules/typescript/lib/tsserver.js
2024-02-25 06:38:59.602 [info] <syntax> Forking...
2024-02-25 06:38:59.602 [info] <syntax> Starting...
2024-02-25 06:38:59.602 [info] <semantic> Forking...
2024-02-25 06:38:59.602 [info] <semantic> Starting...
2024-02-25 06:42:04.256 [info] Starting TS Server
2024-02-25 06:42:04.256 [info] Using tsserver from: /opt/visual-studio-code/resources/app/extensions/node_modules/typescript/lib/tsserver.js
2024-02-25 06:42:04.256 [info] <syntax> Forking...
2024-02-25 06:42:04.256 [info] <syntax> Starting...
2024-02-25 06:42:04.256 [info] <semantic> Forking...
2024-02-25 06:42:04.256 [info] <semantic> Starting...
2024-02-25 06:43:24.783 [error] TSServer exited. Code: null. Signal: SIGTERM
2024-02-25 06:43:24.784 [info] Starting TS Server
2024-02-25 06:43:24.784 [info] Not starting server: disposed
2024-02-25 06:43:39.666 [info] Starting TS Server
2024-02-25 06:43:39.666 [info] Using tsserver from: /opt/visual-studio-code/resources/app/extensions/node_modules/typescript/lib/tsserver.js
2024-02-25 06:43:39.666 [info] <syntax> Forking...
2024-02-25 06:43:39.666 [info] <syntax> Starting...
2024-02-25 06:43:39.666 [info] <semantic> Forking...
2024-02-25 06:43:39.666 [info] <semantic> Starting...
2024-02-25 06:51:08.381 [error] TSServer exited. Code: null. Signal: SIGTERM
2024-02-25 06:51:08.381 [info] Starting TS Server
2024-02-25 06:51:08.381 [info] Not starting server: disposed
2024-02-25 06:51:16.857 [info] Starting TS Server
2024-02-25 06:51:16.857 [info] Using tsserver from: /opt/visual-studio-code/resources/app/extensions/node_modules/typescript/lib/tsserver.js
2024-02-25 06:51:16.857 [info] <syntax> Forking...
2024-02-25 06:51:16.857 [info] <syntax> Starting...
2024-02-25 06:51:16.857 [info] <semantic> Forking...
2024-02-25 06:51:16.857 [info] <semantic> Starting...
2024-02-25 06:54:43.712 [error] TSServer exited. Code: null. Signal: SIGTERM
2024-02-25 06:54:43.713 [info] Starting TS Server
2024-02-25 06:54:43.713 [info] Not starting server: disposed
2024-02-25 06:54:53.612 [info] Starting TS Server
2024-02-25 06:54:53.612 [info] Using tsserver from: /opt/visual-studio-code/resources/app/extensions/node_modules/typescript/lib/tsserver.js
2024-02-25 06:54:53.612 [info] <syntax> Forking...
2024-02-25 06:54:53.612 [info] <syntax> Starting...
2024-02-25 06:54:53.612 [info] <semantic> Forking...
2024-02-25 06:54:53.612 [info] <semantic> Starting...
2024-02-25 08:13:43.721 [error] TSServer exited. Code: null. Signal: SIGTERM
2024-02-25 08:13:43.723 [info] Starting TS Server
2024-02-25 08:13:43.723 [info] Not starting server: disposed
