2024-02-25 21:13:10.323 [info] Started local extension host with pid 52646.
2024-02-25 21:13:33.691 [info] [perf] Render performance baseline is 314ms
2024-02-25 21:13:51.247 [info] Started local extension host with pid 53447.
2024-02-25 21:14:12.306 [info] [perf] Render performance baseline is 277ms
2024-02-25 21:14:24.748 [error] [text file model] handleSaveError(5) - exit - resulted in a save error: Error: Unable to write file '/home/fikri/code/react/threadtalks/src/utils/api.tsx' (Error: File Modified Since) file:///home/fikri/code/react/threadtalks/src/utils/api.tsx
2024-02-25 21:21:03.678 [info] Importing Profile (React): No tasks to apply...
2024-02-25 21:21:03.693 [info] Importing Profile (React): No tasks to apply...
2024-02-25 21:21:33.085 [error] User did not consent to login.: Error: User did not consent to login.
    at a.r (vscode-file://vscode-app/opt/visual-studio-code/resources/app/out/vs/workbench/workbench.desktop.main.js:1576:24372)
    at async a.$getSession (vscode-file://vscode-app/opt/visual-studio-code/resources/app/out/vs/workbench/workbench.desktop.main.js:1576:25289)
2024-02-25 21:21:38.241 [info] Importing Profile (React): No tasks to apply...
2024-02-25 21:21:38.257 [info] Importing Profile (React): No tasks to apply...
2024-02-25 21:21:46.336 [error] User did not consent to login.: Error: User did not consent to login.
    at a.r (vscode-file://vscode-app/opt/visual-studio-code/resources/app/out/vs/workbench/workbench.desktop.main.js:1576:24372)
    at async a.$getSession (vscode-file://vscode-app/opt/visual-studio-code/resources/app/out/vs/workbench/workbench.desktop.main.js:1576:25289)
2024-02-25 21:25:16.543 [info] Importing Profile (React): No tasks to apply...
2024-02-25 21:25:16.557 [info] Importing Profile (React): No tasks to apply...
2024-02-25 21:25:21.588 [error] User did not consent to login.: Error: User did not consent to login.
    at a.r (vscode-file://vscode-app/opt/visual-studio-code/resources/app/out/vs/workbench/workbench.desktop.main.js:1576:24372)
    at async a.$getSession (vscode-file://vscode-app/opt/visual-studio-code/resources/app/out/vs/workbench/workbench.desktop.main.js:1576:25289)
2024-02-25 21:26:57.535 [info] Importing Profile (React): No tasks to apply...
