2024-02-25 21:13:09.956 [info] Added views:workbench.panel.markers.view in workbench.panel.markers
2024-02-25 21:13:09.956 [info] Added views:workbench.panel.output in workbench.panel.output
2024-02-25 21:13:09.957 [info] Added views:terminal in terminal
2024-02-25 21:13:09.957 [info] Added views:outline in workbench.view.explorer
2024-02-25 21:13:09.957 [info] Added views:workbench.scm in workbench.view.scm
2024-02-25 21:13:09.957 [info] Added views:workbench.view.search in workbench.view.search
2024-02-25 21:13:09.957 [info] Added views:timeline in workbench.view.explorer
2024-02-25 21:13:09.957 [info] Added views:workbench.explorer.fileView in workbench.view.explorer
2024-02-25 21:13:10.786 [info] Added views:mysql in workbench.view.explorer
2024-02-25 21:13:10.787 [info] Added views:learn-vim in workbench.view.extension.learn-vim-container
2024-02-25 21:13:11.931 [info] Added views:workbench.debug.welcome in workbench.view.debug
2024-02-25 21:13:13.207 [info] Added views:workbench.panel.repl.view in workbench.panel.repl
2024-02-25 21:13:19.636 [info] Added views:npm in workbench.view.explorer
2024-02-25 21:13:28.267 [info] Added views:~remote.forwardedPorts in ~remote.forwardedPortsContainer
2024-02-25 21:13:32.039 [info] Added views:workbench.views.extensions.marketplace in workbench.view.extensions
2024-02-25 21:13:43.310 [info] Removed views:learn-vim from workbench.view.extension.learn-vim-container
2024-02-25 21:13:43.373 [info] Added views:learn-vim in workbench.view.explorer
2024-02-25 21:13:43.424 [info] Removed views:learn-vim from workbench.view.explorer
2024-02-25 21:13:51.055 [info] Added views:workbench.panel.markers.view in workbench.panel.markers
2024-02-25 21:13:51.055 [info] Added views:workbench.panel.output in workbench.panel.output
2024-02-25 21:13:51.055 [info] Added views:terminal in terminal
2024-02-25 21:13:51.055 [info] Added views:outline in workbench.view.explorer
2024-02-25 21:13:51.055 [info] Added views:workbench.scm in workbench.view.scm
2024-02-25 21:13:51.055 [info] Added views:workbench.view.search in workbench.view.search
2024-02-25 21:13:51.055 [info] Added views:timeline in workbench.view.explorer
2024-02-25 21:13:51.055 [info] Added views:workbench.explorer.fileView in workbench.view.explorer
2024-02-25 21:13:51.797 [info] Added views:workbench.debug.welcome in workbench.view.debug
2024-02-25 21:13:53.270 [info] Added views:mysql in workbench.view.explorer
2024-02-25 21:13:54.292 [info] Added views:workbench.panel.repl.view in workbench.panel.repl
2024-02-25 21:14:00.935 [info] Added views:npm in workbench.view.explorer
2024-02-25 21:14:04.444 [info] Added views:~remote.forwardedPorts in ~remote.forwardedPortsContainer
2024-02-25 21:14:07.723 [info] Added views:workbench.views.extensions.installed,extensions.recommendedList in workbench.view.extensions
2024-02-25 21:21:03.266 [info] Added views:workbench.views.profiles.export.preview in userDataProfiles
2024-02-25 21:21:35.098 [info] Removed views:workbench.views.profiles.export.preview from userDataProfiles
2024-02-25 21:21:37.968 [info] Added views:workbench.views.profiles.export.preview in userDataProfiles
2024-02-25 21:22:56.851 [info] Added views:workbench.views.sync.remoteActivity,workbench.views.sync.machines,workbench.views.sync.externalActivity in workbench.view.sync
2024-02-25 21:25:14.018 [info] Removed views:workbench.views.profiles.export.preview from userDataProfiles
2024-02-25 21:25:16.281 [info] Added views:workbench.views.profiles.export.preview in userDataProfiles
2024-02-25 21:27:01.778 [info] Removed views:workbench.views.profiles.export.preview from userDataProfiles
2024-02-25 21:27:11.024 [info] Showing view workbench.explorer.openEditorsView in the container workbench.view.explorer
2024-02-25 21:27:11.082 [info] Added views:workbench.explorer.openEditorsView in workbench.view.explorer
2024-02-25 21:27:13.036 [info] Removed views:workbench.explorer.openEditorsView from workbench.view.explorer
2024-02-25 21:27:27.197 [info] Removed views:outline from workbench.view.explorer
2024-02-25 21:27:28.735 [info] Removed views:timeline from workbench.view.explorer
2024-02-25 21:27:31.079 [info] Removed views:mysql from workbench.view.explorer
