2024-02-25 20:18:13.975 [info] Extension host with pid 1768 started
2024-02-25 20:18:13.975 [info] Skipping acquiring lock for /home/fikri/.config/Code/User/workspaceStorage/18465b6531ccd7166476a5bbaa459e52.
2024-02-25 20:18:14.180 [info] ExtensionService#_doActivateExtension vscode.git-base, startup: true, activationEvent: '*', root cause: vscode.git
2024-02-25 20:18:14.204 [info] ExtensionService#_doActivateExtension christian-kohler.path-intellisense, startup: true, activationEvent: '*'
2024-02-25 20:18:14.375 [info] ExtensionService#_doActivateExtension formulahendry.auto-close-tag, startup: true, activationEvent: '*'
2024-02-25 20:18:14.387 [info] ExtensionService#_doActivateExtension formulahendry.auto-rename-tag, startup: true, activationEvent: '*'
2024-02-25 20:18:14.445 [info] ExtensionService#_doActivateExtension icrawl.discord-vscode, startup: true, activationEvent: '*'
2024-02-25 20:18:14.486 [info] ExtensionService#_doActivateExtension kisstkondoros.vscode-gutter-preview, startup: true, activationEvent: '*'
2024-02-25 20:18:14.530 [info] ExtensionService#_doActivateExtension vincaslt.highlight-matching-tag, startup: true, activationEvent: '*'
2024-02-25 20:18:14.592 [info] ExtensionService#_doActivateExtension WakaTime.vscode-wakatime, startup: true, activationEvent: '*'
2024-02-25 20:18:14.664 [info] ExtensionService#_doActivateExtension vscode.npm, startup: true, activationEvent: 'workspaceContains:package.json'
2024-02-25 20:18:14.966 [info] ExtensionService#_doActivateExtension vscode.git, startup: true, activationEvent: '*'
2024-02-25 20:18:15.226 [info] ExtensionService#_doActivateExtension vscode.github, startup: true, activationEvent: '*'
2024-02-25 20:18:15.797 [info] ExtensionService#_doActivateExtension pranaygp.vscode-css-peek, startup: true, activationEvent: 'workspaceContains:**/*.css,**/*.scss,**/*.sass,**/*.less'
2024-02-25 20:18:16.961 [error] TypeError: Cannot read properties of null (reading 'write')
    at IPCTransport.send (/home/fikri/.vscode/extensions/icrawl.discord-vscode-5.8.0/dist/extension.js:2:24881)
    at /home/fikri/.vscode/extensions/icrawl.discord-vscode-5.8.0/dist/extension.js:2:24968
    at new Promise (<anonymous>)
    at IPCTransport.close (/home/fikri/.vscode/extensions/icrawl.discord-vscode-5.8.0/dist/extension.js:2:24925)
    at RPCClient.destroy (/home/fikri/.vscode/extensions/icrawl.discord-vscode-5.8.0/dist/extension.js:2:18626)
    at login (/home/fikri/.vscode/extensions/icrawl.discord-vscode-5.8.0/dist/extension.js:2:149260)
    at processTicksAndRejections (node:internal/process/task_queues:95:5)
    at activate (/home/fikri/.vscode/extensions/icrawl.discord-vscode-5.8.0/dist/extension.js:2:151363)
    at c.n (/opt/visual-studio-code/resources/app/out/vs/workbench/api/node/extensionHostProcess.js:140:6256)
    at c.m (/opt/visual-studio-code/resources/app/out/vs/workbench/api/node/extensionHostProcess.js:140:6219)
    at c.l (/opt/visual-studio-code/resources/app/out/vs/workbench/api/node/extensionHostProcess.js:140:5676)
2024-02-25 20:18:17.056 [info] Eager extensions activated
2024-02-25 20:18:17.663 [info] ExtensionService#_doActivateExtension vscode.debug-auto-launch, startup: false, activationEvent: 'onStartupFinished'
2024-02-25 20:18:17.695 [info] ExtensionService#_doActivateExtension vscode.merge-conflict, startup: false, activationEvent: 'onStartupFinished'
2024-02-25 20:18:17.751 [info] ExtensionService#_doActivateExtension aaron-bond.better-comments, startup: false, activationEvent: 'onStartupFinished'
2024-02-25 20:18:17.829 [info] ExtensionService#_doActivateExtension bradlc.vscode-tailwindcss, startup: false, activationEvent: 'onStartupFinished'
2024-02-25 20:18:17.995 [info] ExtensionService#_doActivateExtension Catppuccin.catppuccin-vsc, startup: false, activationEvent: 'onStartupFinished'
2024-02-25 20:18:18.023 [info] ExtensionService#_doActivateExtension dbaeumer.vscode-eslint, startup: false, activationEvent: 'onStartupFinished'
2024-02-25 20:18:18.078 [info] ExtensionService#_doActivateExtension dsznajder.es7-react-js-snippets, startup: false, activationEvent: 'onStartupFinished'
2024-02-25 20:18:19.400 [info] ExtensionService#_doActivateExtension ecmel.vscode-html-css, startup: false, activationEvent: 'onStartupFinished'
2024-02-25 20:18:19.415 [info] ExtensionService#_doActivateExtension esbenp.prettier-vscode, startup: false, activationEvent: 'onStartupFinished'
2024-02-25 20:18:19.626 [info] ExtensionService#_doActivateExtension PKief.material-icon-theme, startup: false, activationEvent: 'onStartupFinished'
2024-02-25 20:18:19.698 [info] ExtensionService#_doActivateExtension usernamehw.errorlens, startup: false, activationEvent: 'onStartupFinished'
2024-02-25 20:18:19.733 [info] ExtensionService#_doActivateExtension vscodevim.vim, startup: false, activationEvent: 'onStartupFinished'
2024-02-25 20:18:20.272 [info] ExtensionService#_doActivateExtension vscode.github-authentication, startup: false, activationEvent: 'onAuthenticationRequest:github'
2024-02-25 20:18:21.648 [info] ExtensionService#_doActivateExtension vscode.microsoft-authentication, startup: false, activationEvent: 'onAuthenticationRequest:microsoft'
2024-02-25 20:18:22.647 [error] Error: ENOENT: no such file or directory, open '/home/fikri/.config/Code/User/globalStorage/vscodevim.vim/.registers'
2024-02-25 20:18:46.833 [info] ExtensionService#_doActivateExtension vintharas.learn-vim, startup: false, activationEvent: 'onCommand:learn-vim.learnVim'
2024-02-25 20:18:48.073 [info] ExtensionService#_doActivateExtension vscode.extension-editing, startup: false, activationEvent: 'onLanguage:markdown'
2024-02-25 20:18:48.130 [info] ExtensionService#_doActivateExtension vscode.markdown-language-features, startup: false, activationEvent: 'onLanguage:markdown'
2024-02-25 20:18:48.357 [info] ExtensionService#_doActivateExtension vscode.emmet, startup: false, activationEvent: 'onLanguage'
2024-02-25 20:18:53.010 [info] ExtensionService#_doActivateExtension vscode.markdown-math, startup: false, activationEvent: 'api', root cause: vscode.markdown-language-features
2024-02-25 21:00:35.628 [info] Extension host terminating: renderer closed the MessagePort
2024-02-25 21:00:35.705 [error] TypeError: r.some is not a function
    at Function.saveToDisk (/home/fikri/.vscode/extensions/vscodevim.vim-1.27.2/out/extension.js:2:675367)
    at Object.t.deactivate (/home/fikri/.vscode/extensions/vscodevim.vim-1.27.2/out/extension.js:2:213749)
    at g.cb (/opt/visual-studio-code/resources/app/out/vs/workbench/api/node/extensionHostProcess.js:156:9679)
    at /opt/visual-studio-code/resources/app/out/vs/workbench/api/node/extensionHostProcess.js:156:7808
    at Array.map (<anonymous>)
    at g.Y (/opt/visual-studio-code/resources/app/out/vs/workbench/api/node/extensionHostProcess.js:156:7795)
    at g.terminate (/opt/visual-studio-code/resources/app/out/vs/workbench/api/node/extensionHostProcess.js:156:8068)
    at o.terminate (/opt/visual-studio-code/resources/app/out/vs/workbench/api/node/extensionHostProcess.js:160:1513)
    at t (/opt/visual-studio-code/resources/app/out/vs/workbench/api/node/extensionHostProcess.js:173:9950)
    at MessagePortMain.<anonymous> (/opt/visual-studio-code/resources/app/out/vs/workbench/api/node/extensionHostProcess.js:173:6375)
    at MessagePortMain.emit (node:events:514:28)
    at Object.emit (node:electron/js2c/utility_init:2:2285)
2024-02-25 21:00:35.715 [info] Extension host with pid 1768 exiting with code 0
