2024-02-25 06:37:04.866 [info] Configuration changed
2024-02-25 06:37:04.866 [info] /home/fikri/.config/Code/User/settings.json closed
2024-02-25 06:37:04.866 [info] Configuration changed
2024-02-25 06:46:43.853 [info] /root/settings.json closed
2024-02-25 06:49:08.588 [info] /root/settings.json closed
2024-02-25 06:54:21.202 [info] Active editor: file:///home/fikri/code/react/threadtalks/src/utils/api.tsx
2024-02-25 06:55:52.483 [info] Active editor: file:///home/fikri/code/react/threadtalks/src/utils/api.tsx
2024-02-25 06:56:18.535 [info] Active editor: file:///home/fikri/.vscode/extensions/vintharas.learn-vim-0.0.28/exercises/foreword.md
2024-02-25 06:56:43.545 [info] Active editor: file:///home/fikri/.vscode/extensions/vintharas.learn-vim-0.0.28/exercises/01-introduction.md
2024-02-25 06:57:59.107 [info] Active editor: file:///home/fikri/.vscode/extensions/vintharas.learn-vim-0.0.28/exercises/02-installing-vim-in-vscode.md
2024-02-25 06:58:10.200 [info] Active editor: file:///home/fikri/.vscode/extensions/vintharas.learn-vim-0.0.28/exercises/03-baby-steps-in-vim.md
2024-02-25 06:59:18.071 [info] /home/fikri/.vscode/extensions/vintharas.learn-vim-0.0.28/exercises/foreword.md closed
2024-02-25 06:59:43.395 [info] /home/fikri/.vscode/extensions/vintharas.learn-vim-0.0.28/exercises/01-introduction.md closed
2024-02-25 07:00:58.958 [info] /home/fikri/.vscode/extensions/vintharas.learn-vim-0.0.28/exercises/02-installing-vim-in-vscode.md closed
2024-02-25 07:01:51.929 [info] Active editor: file:///home/fikri/.vscode/extensions/vintharas.learn-vim-0.0.28/exercises/03-baby-steps-in-vim.md
2024-02-25 07:02:30.772 [info] Active editor: file:///home/fikri/.vscode/extensions/vintharas.learn-vim-0.0.28/exercises/04-moving-blazingly-fast-with-the-core-vim-motions.md
2024-02-25 07:02:37.832 [info] /home/fikri/.vscode/extensions/vintharas.learn-vim-0.0.28/exercises/03-baby-steps-in-vim.md closed
2024-02-25 07:09:37.661 [info] Searching for for
2024-02-25 07:11:58.517 [info] Active editor: file:///home/fikri/.vscode/extensions/vintharas.learn-vim-0.0.28/exercises/05-editing-like-magic-with-vim-operators.md
2024-02-25 07:12:00.280 [info] /home/fikri/.vscode/extensions/vintharas.learn-vim-0.0.28/exercises/04-moving-blazingly-fast-with-the-core-vim-motions.md closed
2024-02-25 07:14:00.978 [info] Active editor: file:///home/fikri/.vscode/extensions/vintharas.learn-vim-0.0.28/exercises/04-moving-blazingly-fast-with-the-core-vim-motions.md
2024-02-25 07:14:13.160 [info] Active editor: file:///home/fikri/.vscode/extensions/vintharas.learn-vim-0.0.28/exercises/05-editing-like-magic-with-vim-operators.md
2024-02-25 07:14:17.524 [info] Active editor: file:///home/fikri/.vscode/extensions/vintharas.learn-vim-0.0.28/exercises/04-moving-blazingly-fast-with-the-core-vim-motions.md
2024-02-25 07:14:18.503 [info] /home/fikri/.vscode/extensions/vintharas.learn-vim-0.0.28/exercises/04-moving-blazingly-fast-with-the-core-vim-motions.md closed
2024-02-25 07:14:18.520 [info] Active editor: file:///home/fikri/.vscode/extensions/vintharas.learn-vim-0.0.28/exercises/05-editing-like-magic-with-vim-operators.md
2024-02-25 07:14:21.308 [info] Active editor: file:///home/fikri/.vscode/extensions/vintharas.learn-vim-0.0.28/exercises/05-editing-like-magic-with-vim-operators.md
2024-02-25 07:29:10.215 [info] Active editor: file:///home/fikri/.vscode/extensions/vintharas.learn-vim-0.0.28/exercises/05-editing-like-magic-with-vim-operators.md
2024-02-25 07:38:27.889 [info] Active editor: file:///home/fikri/.vscode/extensions/vintharas.learn-vim-0.0.28/exercises/03-baby-steps-in-vim.md
2024-02-25 07:38:29.480 [info] /home/fikri/.vscode/extensions/vintharas.learn-vim-0.0.28/exercises/05-editing-like-magic-with-vim-operators.md closed
2024-02-25 07:38:36.069 [info] Active editor: file:///home/fikri/.vscode/extensions/vintharas.learn-vim-0.0.28/exercises/04-moving-blazingly-fast-with-the-core-vim-motions.md
2024-02-25 07:38:41.209 [info] Active editor: file:///home/fikri/.vscode/extensions/vintharas.learn-vim-0.0.28/exercises/03-baby-steps-in-vim.md
2024-02-25 07:39:01.157 [info] Active editor: file:///home/fikri/.vscode/extensions/vintharas.learn-vim-0.0.28/exercises/04-moving-blazingly-fast-with-the-core-vim-motions.md
2024-02-25 07:39:24.765 [info] Active editor: file:///home/fikri/.vscode/extensions/vintharas.learn-vim-0.0.28/exercises/03-baby-steps-in-vim.md
2024-02-25 07:40:46.552 [info] Active editor: file:///home/fikri/.vscode/extensions/vintharas.learn-vim-0.0.28/exercises/03-baby-steps-in-vim.md
2024-02-25 07:41:35.822 [info] /home/fikri/.vscode/extensions/vintharas.learn-vim-0.0.28/exercises/04-moving-blazingly-fast-with-the-core-vim-motions.md closed
2024-02-25 07:42:04.872 [info] Active editor: file:///home/fikri/.vscode/extensions/vintharas.learn-vim-0.0.28/exercises/04-moving-blazingly-fast-with-the-core-vim-motions.md
2024-02-25 07:42:06.759 [info] /home/fikri/.vscode/extensions/vintharas.learn-vim-0.0.28/exercises/03-baby-steps-in-vim.md closed
2024-02-25 07:53:59.988 [info] Active editor: file:///home/fikri/.vscode/extensions/vintharas.learn-vim-0.0.28/exercises/04-moving-blazingly-fast-with-the-core-vim-motions.md
2024-02-25 08:04:45.641 [info] Active editor: file:///home/fikri/.vscode/extensions/vintharas.learn-vim-0.0.28/exercises/04-moving-blazingly-fast-with-the-core-vim-motions.md
2024-02-25 08:09:17.795 [info] Active editor: file:///home/fikri/.vscode/extensions/vintharas.learn-vim-0.0.28/exercises/04-moving-blazingly-fast-with-the-core-vim-motions.md
2024-02-25 08:10:38.371 [info] Active editor: file:///home/fikri/.vscode/extensions/vintharas.learn-vim-0.0.28/exercises/04-moving-blazingly-fast-with-the-core-vim-motions.md
2024-02-25 08:12:18.242 [info] Active editor: file:///home/fikri/.vscode/extensions/vintharas.learn-vim-0.0.28/exercises/foreword.md
2024-02-25 08:12:23.605 [info] Active editor: file:///home/fikri/.vscode/extensions/vintharas.learn-vim-0.0.28/exercises/04-moving-blazingly-fast-with-the-core-vim-motions.md
2024-02-25 08:12:54.560 [info] Active editor: file:///home/fikri/.vscode/extensions/vintharas.learn-vim-0.0.28/exercises/04-moving-blazingly-fast-with-the-core-vim-motions.md
2024-02-25 08:13:27.228 [info] Active editor: file:///home/fikri/code/react/threadtalks/src/utils/api.tsx
2024-02-25 08:13:32.440 [info] /home/fikri/code/react/threadtalks/src/utils/api.tsx closed
2024-02-25 08:13:36.296 [info] Active editor: file:///home/fikri/.vscode/extensions/vintharas.learn-vim-0.0.28/exercises/04-moving-blazingly-fast-with-the-core-vim-motions.md
2024-02-25 08:13:40.307 [info] /home/fikri/.vscode/extensions/vintharas.learn-vim-0.0.28/exercises/04-moving-blazingly-fast-with-the-core-vim-motions.md closed
