2024-02-25 21:13:30.607 [info] Reading sessions from keychain...
2024-02-25 21:13:30.607 [info] Getting sessions for user:email...
2024-02-25 21:13:30.618 [info] Got stored sessions!
2024-02-25 21:13:30.618 [info] Got 1 verified sessions.
2024-02-25 21:13:30.618 [info] Got 1 sessions for user:email...
2024-02-25 21:13:30.746 [info] Getting sessions for all scopes...
2024-02-25 21:13:30.746 [info] Got 1 sessions for ...
2024-02-25 21:13:31.469 [info] Getting sessions for user:email...
2024-02-25 21:13:31.469 [info] Got 1 sessions for user:email...
2024-02-25 21:13:31.575 [info] Getting sessions for user:email...
2024-02-25 21:13:31.575 [info] Got 1 sessions for user:email...
2024-02-25 21:13:31.760 [info] Getting sessions for all scopes...
2024-02-25 21:13:31.760 [info] Got 1 sessions for ...
2024-02-25 21:14:07.133 [info] Reading sessions from keychain...
2024-02-25 21:14:07.133 [info] Getting sessions for user:email...
2024-02-25 21:14:07.133 [info] Got stored sessions!
2024-02-25 21:14:07.133 [info] Got 1 verified sessions.
2024-02-25 21:14:07.133 [info] Got 1 sessions for user:email...
2024-02-25 21:14:07.546 [info] Getting sessions for user:email...
2024-02-25 21:14:07.546 [info] Got 1 sessions for user:email...
2024-02-25 21:14:07.569 [info] Getting sessions for user:email...
2024-02-25 21:14:07.569 [info] Got 1 sessions for user:email...
2024-02-25 21:14:07.631 [info] Getting sessions for all scopes...
2024-02-25 21:14:07.631 [info] Got 1 sessions for ...
2024-02-25 21:21:26.909 [info] Getting sessions for gist,user:email...
2024-02-25 21:21:26.910 [info] Got 0 sessions for gist,user:email...
2024-02-25 21:23:58.296 [info] Getting sessions for user:email...
2024-02-25 21:23:58.297 [info] Got 1 sessions for user:email...
2024-02-25 21:24:01.091 [info] Getting sessions for user:email...
2024-02-25 21:24:01.091 [info] Got 1 sessions for user:email...
