2024-02-25 21:13:12.715 [info] Extension host with pid 52646 started
2024-02-25 21:13:12.715 [info] Skipping acquiring lock for /home/fikri/.config/Code/User/workspaceStorage/18465b6531ccd7166476a5bbaa459e52.
2024-02-25 21:13:13.197 [info] ExtensionService#_doActivateExtension vscode.typescript-language-features, startup: false, activationEvent: 'onLanguage:typescriptreact'
2024-02-25 21:13:13.397 [info] ExtensionService#_doActivateExtension wix.vscode-import-cost, startup: false, activationEvent: 'onLanguage:typescriptreact'
2024-02-25 21:13:14.453 [info] ExtensionService#_doActivateExtension vscode.emmet, startup: false, activationEvent: 'onLanguage'
2024-02-25 21:13:15.950 [info] ExtensionService#_doActivateExtension vscode.git-base, startup: true, activationEvent: '*', root cause: vscode.git
2024-02-25 21:13:15.969 [info] ExtensionService#_doActivateExtension christian-kohler.path-intellisense, startup: true, activationEvent: '*'
2024-02-25 21:13:16.020 [info] ExtensionService#_doActivateExtension formulahendry.auto-close-tag, startup: true, activationEvent: '*'
2024-02-25 21:13:16.027 [info] ExtensionService#_doActivateExtension formulahendry.auto-rename-tag, startup: true, activationEvent: '*'
2024-02-25 21:13:16.085 [info] ExtensionService#_doActivateExtension icrawl.discord-vscode, startup: true, activationEvent: '*'
2024-02-25 21:13:16.108 [info] ExtensionService#_doActivateExtension kisstkondoros.vscode-gutter-preview, startup: true, activationEvent: '*'
2024-02-25 21:13:16.145 [info] ExtensionService#_doActivateExtension vincaslt.highlight-matching-tag, startup: true, activationEvent: '*'
2024-02-25 21:13:16.177 [info] ExtensionService#_doActivateExtension WakaTime.vscode-wakatime, startup: true, activationEvent: '*'
2024-02-25 21:13:16.337 [info] ExtensionService#_doActivateExtension vscode.npm, startup: true, activationEvent: 'workspaceContains:package.json'
2024-02-25 21:13:18.284 [error] TypeError: Cannot read properties of null (reading 'write')
    at IPCTransport.send (/home/fikri/.vscode/extensions/icrawl.discord-vscode-5.8.0/dist/extension.js:2:24881)
    at /home/fikri/.vscode/extensions/icrawl.discord-vscode-5.8.0/dist/extension.js:2:24968
    at new Promise (<anonymous>)
    at IPCTransport.close (/home/fikri/.vscode/extensions/icrawl.discord-vscode-5.8.0/dist/extension.js:2:24925)
    at RPCClient.destroy (/home/fikri/.vscode/extensions/icrawl.discord-vscode-5.8.0/dist/extension.js:2:18626)
    at login (/home/fikri/.vscode/extensions/icrawl.discord-vscode-5.8.0/dist/extension.js:2:149260)
    at processTicksAndRejections (node:internal/process/task_queues:95:5)
    at activate (/home/fikri/.vscode/extensions/icrawl.discord-vscode-5.8.0/dist/extension.js:2:151363)
    at c.n (/opt/visual-studio-code/resources/app/out/vs/workbench/api/node/extensionHostProcess.js:140:6256)
    at c.m (/opt/visual-studio-code/resources/app/out/vs/workbench/api/node/extensionHostProcess.js:140:6219)
    at c.l (/opt/visual-studio-code/resources/app/out/vs/workbench/api/node/extensionHostProcess.js:140:5676)
2024-02-25 21:13:18.296 [info] ExtensionService#_doActivateExtension vscode.git, startup: true, activationEvent: '*'
2024-02-25 21:13:18.484 [info] ExtensionService#_doActivateExtension vscode.github, startup: true, activationEvent: '*'
2024-02-25 21:13:20.548 [info] ExtensionService#_doActivateExtension pranaygp.vscode-css-peek, startup: true, activationEvent: 'workspaceContains:**/*.css,**/*.scss,**/*.sass,**/*.less'
2024-02-25 21:13:21.814 [info] Eager extensions activated
2024-02-25 21:13:23.136 [info] ExtensionService#_doActivateExtension vscode.debug-auto-launch, startup: false, activationEvent: 'onStartupFinished'
2024-02-25 21:13:23.149 [info] ExtensionService#_doActivateExtension vscode.merge-conflict, startup: false, activationEvent: 'onStartupFinished'
2024-02-25 21:13:23.182 [info] ExtensionService#_doActivateExtension aaron-bond.better-comments, startup: false, activationEvent: 'onStartupFinished'
2024-02-25 21:13:23.246 [info] ExtensionService#_doActivateExtension bradlc.vscode-tailwindcss, startup: false, activationEvent: 'onStartupFinished'
2024-02-25 21:13:23.306 [info] ExtensionService#_doActivateExtension Catppuccin.catppuccin-vsc, startup: false, activationEvent: 'onStartupFinished'
2024-02-25 21:13:23.315 [info] ExtensionService#_doActivateExtension dbaeumer.vscode-eslint, startup: false, activationEvent: 'onStartupFinished'
2024-02-25 21:13:23.350 [info] ExtensionService#_doActivateExtension dsznajder.es7-react-js-snippets, startup: false, activationEvent: 'onStartupFinished'
2024-02-25 21:13:24.563 [info] ExtensionService#_doActivateExtension ecmel.vscode-html-css, startup: false, activationEvent: 'onStartupFinished'
2024-02-25 21:13:24.577 [info] ExtensionService#_doActivateExtension esbenp.prettier-vscode, startup: false, activationEvent: 'onStartupFinished'
2024-02-25 21:13:24.729 [info] ExtensionService#_doActivateExtension PKief.material-icon-theme, startup: false, activationEvent: 'onStartupFinished'
2024-02-25 21:13:24.780 [info] ExtensionService#_doActivateExtension usernamehw.errorlens, startup: false, activationEvent: 'onStartupFinished'
2024-02-25 21:13:24.801 [info] ExtensionService#_doActivateExtension vscodevim.vim, startup: false, activationEvent: 'onStartupFinished'
2024-02-25 21:13:30.249 [info] ExtensionService#_doActivateExtension vscode.github-authentication, startup: false, activationEvent: 'onAuthenticationRequest:github'
2024-02-25 21:13:30.692 [info] ExtensionService#_doActivateExtension vscode.microsoft-authentication, startup: false, activationEvent: 'onAuthenticationRequest:microsoft'
2024-02-25 21:13:48.360 [info] Extension host terminating: renderer closed the MessagePort
2024-02-25 21:13:53.645 [info] Extension host with pid 53447 started
2024-02-25 21:13:53.645 [info] Skipping acquiring lock for /home/fikri/.config/Code/User/workspaceStorage/18465b6531ccd7166476a5bbaa459e52.
2024-02-25 21:13:53.852 [warning] Canceled
2024-02-25 21:13:53.863 [warning] Canceled
2024-02-25 21:13:53.864 [warning] Canceled
2024-02-25 21:13:53.871 [error] Error: Channel has been closed
    at s (/opt/visual-studio-code/resources/app/out/vs/workbench/api/node/extensionHostProcess.js:153:2490)
    at Object.appendLine (/opt/visual-studio-code/resources/app/out/vs/workbench/api/node/extensionHostProcess.js:153:2608)
    at ad.error (/home/fikri/.vscode/extensions/bradlc.vscode-tailwindcss-0.10.5/dist/extension.js:39:683)
    at /home/fikri/.vscode/extensions/bradlc.vscode-tailwindcss-0.10.5/dist/extension.js:39:8991
    at runNextTicks (node:internal/process/task_queues:60:5)
    at listOnTimeout (node:internal/timers:538:9)
    at processTimers (node:internal/timers:512:7)
    at async Promise.all (index 0)
    at async Promise.all (index 11)
    at g.Y (/opt/visual-studio-code/resources/app/out/vs/workbench/api/node/extensionHostProcess.js:156:7823)
2024-02-25 21:13:53.881 [error] Error: Stopping the server timed out
    at /home/fikri/.vscode/extensions/dbaeumer.vscode-eslint-2.4.4/client/out/extension.js:1:105150
    at runNextTicks (node:internal/process/task_queues:60:5)
    at listOnTimeout (node:internal/timers:538:9)
    at processTimers (node:internal/timers:512:7)
    at async Promise.all (index 14)
    at g.Y (/opt/visual-studio-code/resources/app/out/vs/workbench/api/node/extensionHostProcess.js:156:7823)
2024-02-25 21:13:53.884 [error] Error: Stopping the server timed out
    at /home/fikri/.vscode/extensions/pranaygp.vscode-css-peek-4.4.1/client/node_modules/vscode-languageclient/lib/common/client.js:933:23
    at runNextTicks (node:internal/process/task_queues:60:5)
    at processTimers (node:internal/timers:509:9)
    at async Promise.all (index 0)
    at async Promise.all (index 23)
    at g.Y (/opt/visual-studio-code/resources/app/out/vs/workbench/api/node/extensionHostProcess.js:156:7823)
2024-02-25 21:13:53.885 [info] Extension host with pid 52646 exiting with code 0
2024-02-25 21:13:54.281 [info] ExtensionService#_doActivateExtension vscode.emmet, startup: false, activationEvent: 'onLanguage'
2024-02-25 21:13:54.319 [info] ExtensionService#_doActivateExtension vscode.typescript-language-features, startup: false, activationEvent: 'onLanguage:typescriptreact'
2024-02-25 21:13:54.466 [info] ExtensionService#_doActivateExtension wix.vscode-import-cost, startup: false, activationEvent: 'onLanguage:typescriptreact'
2024-02-25 21:13:56.509 [info] ExtensionService#_doActivateExtension vscode.git-base, startup: true, activationEvent: '*', root cause: vscode.git
2024-02-25 21:13:56.522 [info] ExtensionService#_doActivateExtension christian-kohler.path-intellisense, startup: true, activationEvent: '*'
2024-02-25 21:13:56.610 [info] ExtensionService#_doActivateExtension formulahendry.auto-close-tag, startup: true, activationEvent: '*'
2024-02-25 21:13:56.628 [info] ExtensionService#_doActivateExtension formulahendry.auto-rename-tag, startup: true, activationEvent: '*'
2024-02-25 21:13:56.720 [info] ExtensionService#_doActivateExtension icrawl.discord-vscode, startup: true, activationEvent: '*'
2024-02-25 21:13:56.778 [info] ExtensionService#_doActivateExtension kisstkondoros.vscode-gutter-preview, startup: true, activationEvent: '*'
2024-02-25 21:13:56.877 [info] ExtensionService#_doActivateExtension vincaslt.highlight-matching-tag, startup: true, activationEvent: '*'
2024-02-25 21:13:56.928 [info] ExtensionService#_doActivateExtension WakaTime.vscode-wakatime, startup: true, activationEvent: '*'
2024-02-25 21:13:56.995 [info] ExtensionService#_doActivateExtension vscode.npm, startup: true, activationEvent: 'workspaceContains:package.json'
2024-02-25 21:13:58.536 [error] TypeError: Cannot read properties of null (reading 'write')
    at IPCTransport.send (/home/fikri/.vscode/extensions/icrawl.discord-vscode-5.8.0/dist/extension.js:2:24881)
    at /home/fikri/.vscode/extensions/icrawl.discord-vscode-5.8.0/dist/extension.js:2:24968
    at new Promise (<anonymous>)
    at IPCTransport.close (/home/fikri/.vscode/extensions/icrawl.discord-vscode-5.8.0/dist/extension.js:2:24925)
    at RPCClient.destroy (/home/fikri/.vscode/extensions/icrawl.discord-vscode-5.8.0/dist/extension.js:2:18626)
    at login (/home/fikri/.vscode/extensions/icrawl.discord-vscode-5.8.0/dist/extension.js:2:149260)
    at processTicksAndRejections (node:internal/process/task_queues:95:5)
    at activate (/home/fikri/.vscode/extensions/icrawl.discord-vscode-5.8.0/dist/extension.js:2:151363)
    at c.n (/opt/visual-studio-code/resources/app/out/vs/workbench/api/node/extensionHostProcess.js:140:6256)
    at c.m (/opt/visual-studio-code/resources/app/out/vs/workbench/api/node/extensionHostProcess.js:140:6219)
    at c.l (/opt/visual-studio-code/resources/app/out/vs/workbench/api/node/extensionHostProcess.js:140:5676)
2024-02-25 21:13:58.769 [info] ExtensionService#_doActivateExtension vscode.git, startup: true, activationEvent: '*'
2024-02-25 21:13:58.897 [info] ExtensionService#_doActivateExtension vscode.github, startup: true, activationEvent: '*'
2024-02-25 21:14:00.926 [info] ExtensionService#_doActivateExtension pranaygp.vscode-css-peek, startup: true, activationEvent: 'workspaceContains:**/*.css,**/*.scss,**/*.sass,**/*.less'
2024-02-25 21:14:01.941 [info] Eager extensions activated
2024-02-25 21:14:02.164 [info] ExtensionService#_doActivateExtension vscode.debug-auto-launch, startup: false, activationEvent: 'onStartupFinished'
2024-02-25 21:14:02.173 [info] ExtensionService#_doActivateExtension vscode.merge-conflict, startup: false, activationEvent: 'onStartupFinished'
2024-02-25 21:14:02.192 [info] ExtensionService#_doActivateExtension aaron-bond.better-comments, startup: false, activationEvent: 'onStartupFinished'
2024-02-25 21:14:02.218 [info] ExtensionService#_doActivateExtension bradlc.vscode-tailwindcss, startup: false, activationEvent: 'onStartupFinished'
2024-02-25 21:14:02.304 [info] ExtensionService#_doActivateExtension Catppuccin.catppuccin-vsc, startup: false, activationEvent: 'onStartupFinished'
2024-02-25 21:14:02.367 [info] ExtensionService#_doActivateExtension dbaeumer.vscode-eslint, startup: false, activationEvent: 'onStartupFinished'
2024-02-25 21:14:02.439 [info] ExtensionService#_doActivateExtension dsznajder.es7-react-js-snippets, startup: false, activationEvent: 'onStartupFinished'
2024-02-25 21:14:03.631 [info] ExtensionService#_doActivateExtension ecmel.vscode-html-css, startup: false, activationEvent: 'onStartupFinished'
2024-02-25 21:14:03.644 [info] ExtensionService#_doActivateExtension esbenp.prettier-vscode, startup: false, activationEvent: 'onStartupFinished'
2024-02-25 21:14:03.775 [info] ExtensionService#_doActivateExtension PKief.material-icon-theme, startup: false, activationEvent: 'onStartupFinished'
2024-02-25 21:14:03.812 [info] ExtensionService#_doActivateExtension usernamehw.errorlens, startup: false, activationEvent: 'onStartupFinished'
2024-02-25 21:14:05.907 [info] ExtensionService#_doActivateExtension vscode.github-authentication, startup: false, activationEvent: 'onAuthenticationRequest:github'
2024-02-25 21:14:06.836 [info] ExtensionService#_doActivateExtension vscode.microsoft-authentication, startup: false, activationEvent: 'onAuthenticationRequest:microsoft'
2024-02-25 21:21:03.524 [info] ExtensionService#_doActivateExtension vscode.json-language-features, startup: false, activationEvent: 'onLanguage:jsonc'
2024-02-25 21:21:24.077 [info] ExtensionService#_doActivateExtension vscode.configuration-editing, startup: false, activationEvent: 'onProfile'
2024-02-25 21:27:15.068 [info] ExtensionService#_doActivateExtension formulahendry.vscode-mysql, startup: false, activationEvent: 'onView:mysql'
2024-02-25 23:34:59.576 [info] Extension host terminating: renderer closed the MessagePort
2024-02-25 23:35:03.336 [warning] Canceled
2024-02-25 23:35:03.339 [warning] Canceled
2024-02-25 23:35:03.340 [warning] Canceled
2024-02-25 23:35:03.348 [error] Error: Stopping the server timed out
    at /opt/visual-studio-code/resources/app/extensions/json-language-features/client/dist/node/jsonClientMain.js:1:298321
    at runNextTicks (node:internal/process/task_queues:60:5)
    at listOnTimeout (node:internal/timers:538:9)
    at processTimers (node:internal/timers:512:7)
    at Object.e.deactivate (/opt/visual-studio-code/resources/app/extensions/json-language-features/client/dist/node/jsonClientMain.js:1:565947)
    at async Promise.all (index 7)
    at g.Y (/opt/visual-studio-code/resources/app/out/vs/workbench/api/node/extensionHostProcess.js:156:7823)
2024-02-25 23:35:03.353 [error] Error: Channel has been closed
    at s (/opt/visual-studio-code/resources/app/out/vs/workbench/api/node/extensionHostProcess.js:153:2490)
    at Object.appendLine (/opt/visual-studio-code/resources/app/out/vs/workbench/api/node/extensionHostProcess.js:153:2608)
    at ad.error (/home/fikri/.vscode/extensions/bradlc.vscode-tailwindcss-0.10.5/dist/extension.js:39:683)
    at /home/fikri/.vscode/extensions/bradlc.vscode-tailwindcss-0.10.5/dist/extension.js:39:8991
    at runNextTicks (node:internal/process/task_queues:60:5)
    at listOnTimeout (node:internal/timers:538:9)
    at processTimers (node:internal/timers:512:7)
    at async Promise.all (index 0)
    at async Promise.all (index 13)
    at g.Y (/opt/visual-studio-code/resources/app/out/vs/workbench/api/node/extensionHostProcess.js:156:7823)
2024-02-25 23:35:03.357 [error] Error: Stopping the server timed out
    at /home/fikri/.vscode/extensions/dbaeumer.vscode-eslint-2.4.4/client/out/extension.js:1:105150
    at runNextTicks (node:internal/process/task_queues:60:5)
    at listOnTimeout (node:internal/timers:538:9)
    at processTimers (node:internal/timers:512:7)
    at async Promise.all (index 16)
    at g.Y (/opt/visual-studio-code/resources/app/out/vs/workbench/api/node/extensionHostProcess.js:156:7823)
2024-02-25 23:35:03.359 [error] Error: Stopping the server timed out
    at /home/fikri/.vscode/extensions/pranaygp.vscode-css-peek-4.4.1/client/node_modules/vscode-languageclient/lib/common/client.js:933:23
    at async Promise.all (index 0)
    at async Promise.all (index 26)
    at g.Y (/opt/visual-studio-code/resources/app/out/vs/workbench/api/node/extensionHostProcess.js:156:7823)
2024-02-25 23:35:03.359 [info] Extension host with pid 53447 exiting with code 0
