2024-02-25 06:36:51.945 [info] Added views:workbench.panel.markers.view in workbench.panel.markers
2024-02-25 06:36:51.945 [info] Added views:workbench.panel.output in workbench.panel.output
2024-02-25 06:36:51.945 [info] Added views:terminal in terminal
2024-02-25 06:36:51.945 [info] Added views:outline in workbench.view.explorer
2024-02-25 06:36:51.945 [info] Added views:workbench.scm in workbench.view.scm
2024-02-25 06:36:51.945 [info] Added views:workbench.view.search in workbench.view.search
2024-02-25 06:36:51.945 [info] Added views:timeline in workbench.view.explorer
2024-02-25 06:36:51.945 [info] Added views:workbench.explorer.fileView in workbench.view.explorer
2024-02-25 06:36:53.716 [info] Added views:github.cweijan.mysql in workbench.view.extension.github-cweijan-mysql
2024-02-25 06:36:53.720 [info] Added views:github.cweijan.nosql in workbench.view.extension.github-cweijan-nosql
2024-02-25 06:36:53.746 [info] Added views:mysql in workbench.view.explorer
2024-02-25 06:36:53.747 [info] Added views:thunder-client-sidebar in workbench.view.extension.thunder-client
2024-02-25 06:36:54.854 [info] Added views:workbench.debug.welcome in workbench.view.debug
2024-02-25 06:36:55.070 [info] Added views:workbench.panel.repl.view in workbench.panel.repl
2024-02-25 06:36:59.862 [info] Added views:~remote.forwardedPorts in ~remote.forwardedPortsContainer
2024-02-25 06:37:02.409 [info] Added views:workbench.panel.comments in workbench.panel.comments
2024-02-25 06:37:08.346 [info] View visibility state changed: npm is now visible Explorer
2024-02-25 06:37:08.353 [info] Showing view npm in the container workbench.view.explorer
2024-02-25 06:37:08.388 [info] Added views:npm in workbench.view.explorer
2024-02-25 06:37:09.969 [info] Removed views:workbench.panel.repl.view from workbench.panel.repl
2024-02-25 06:37:11.230 [info] Removed views:github.cweijan.mysql from workbench.view.extension.github-cweijan-mysql
2024-02-25 06:37:11.278 [info] Added views:github.cweijan.mysql in workbench.view.explorer
2024-02-25 06:37:11.296 [info] Removed views:github.cweijan.nosql from workbench.view.extension.github-cweijan-nosql
2024-02-25 06:37:11.339 [info] Added views:github.cweijan.nosql in workbench.view.explorer
2024-02-25 06:37:11.347 [info] Removed views:thunder-client-sidebar from workbench.view.extension.thunder-client
2024-02-25 06:37:11.432 [info] Added views:thunder-client-sidebar in workbench.view.explorer
2024-02-25 06:37:11.493 [info] Removed views:thunder-client-sidebar,github.cweijan.nosql,github.cweijan.mysql from workbench.view.explorer
2024-02-25 06:37:14.471 [info] Added views:workbench.panel.repl.view in workbench.panel.repl
2024-02-25 06:37:23.959 [info] Added views:tabnine.loading in workbench.view.extension.tabnine
2024-02-25 06:37:26.173 [info] Removed views:tabnine.loading from workbench.view.extension.tabnine
2024-02-25 06:37:26.174 [info] Added views:tabnine.chat.authenticate in workbench.view.extension.tabnine
2024-02-25 06:37:53.262 [info] Added views:workbench.views.extensions.installed,workbench.views.extensions.popular,extensions.recommendedList in workbench.view.extensions
2024-02-25 06:37:53.276 [info] Removed views:workbench.views.extensions.popular from workbench.view.extensions
2024-02-25 06:37:55.900 [info] Removed views:extensions.recommendedList,workbench.views.extensions.installed from workbench.view.extensions
2024-02-25 06:37:55.934 [info] Added views:workbench.views.extensions.marketplace in workbench.view.extensions
2024-02-25 06:38:29.081 [info] Added views:workbench.panel.markers.view in workbench.panel.markers
2024-02-25 06:38:29.082 [info] Added views:workbench.panel.output in workbench.panel.output
2024-02-25 06:38:29.082 [info] Added views:terminal in terminal
2024-02-25 06:38:29.082 [info] Added views:outline in workbench.view.explorer
2024-02-25 06:38:29.082 [info] Added views:workbench.scm in workbench.view.scm
2024-02-25 06:38:29.082 [info] Added views:workbench.view.search in workbench.view.search
2024-02-25 06:38:29.082 [info] Added views:timeline in workbench.view.explorer
2024-02-25 06:38:29.082 [info] Added views:workbench.explorer.fileView in workbench.view.explorer
2024-02-25 06:38:31.109 [info] Added views:workbench.debug.welcome in workbench.view.debug
2024-02-25 06:38:31.511 [info] Added views:mysql in workbench.view.explorer
2024-02-25 06:38:32.340 [info] Added views:workbench.panel.repl.view in workbench.panel.repl
2024-02-25 06:38:33.784 [info] Added views:~remote.forwardedPorts in ~remote.forwardedPortsContainer
2024-02-25 06:38:34.872 [info] Added views:npm in workbench.view.explorer
2024-02-25 06:38:38.253 [info] Added views:workbench.views.extensions.installed,extensions.recommendedList in workbench.view.extensions
2024-02-25 06:41:57.960 [info] Added views:workbench.panel.markers.view in workbench.panel.markers
2024-02-25 06:41:57.960 [info] Added views:workbench.panel.output in workbench.panel.output
2024-02-25 06:41:57.960 [info] Added views:terminal in terminal
2024-02-25 06:41:57.960 [info] Added views:outline in workbench.view.explorer
2024-02-25 06:41:57.960 [info] Added views:workbench.scm in workbench.view.scm
2024-02-25 06:41:57.960 [info] Added views:workbench.view.search in workbench.view.search
2024-02-25 06:41:57.960 [info] Added views:timeline in workbench.view.explorer
2024-02-25 06:41:57.960 [info] Added views:workbench.explorer.fileView in workbench.view.explorer
2024-02-25 06:41:58.476 [info] Added views:workbench.debug.welcome in workbench.view.debug
2024-02-25 06:42:00.658 [info] Added views:mysql in workbench.view.explorer
2024-02-25 06:42:01.657 [info] Added views:workbench.panel.repl.view in workbench.panel.repl
2024-02-25 06:42:08.023 [info] Added views:npm in workbench.view.explorer
2024-02-25 06:42:11.347 [info] Added views:~remote.forwardedPorts in ~remote.forwardedPortsContainer
2024-02-25 06:42:14.535 [info] Added views:workbench.views.extensions.installed,extensions.recommendedList in workbench.view.extensions
2024-02-25 06:43:24.932 [info] Removed views:npm from workbench.view.explorer
2024-02-25 06:43:30.898 [info] Added views:github.cweijan.mysql in workbench.view.extension.github-cweijan-mysql
2024-02-25 06:43:30.903 [info] Added views:github.cweijan.nosql in workbench.view.extension.github-cweijan-nosql
2024-02-25 06:43:30.911 [info] Added views:thunder-client-sidebar in workbench.view.extension.thunder-client
2024-02-25 06:43:30.967 [info] Removed views:workbench.panel.repl.view from workbench.panel.repl
2024-02-25 06:43:34.494 [info] Added views:workbench.panel.repl.view in workbench.panel.repl
2024-02-25 06:43:45.078 [info] Added views:workbench.panel.comments in workbench.panel.comments
2024-02-25 06:43:49.175 [info] Added views:tabnine.loading in workbench.view.extension.tabnine
2024-02-25 06:43:51.407 [info] Removed views:tabnine.loading from workbench.view.extension.tabnine
2024-02-25 06:43:51.414 [info] Added views:tabnine.chat.authenticate in workbench.view.extension.tabnine
2024-02-25 06:46:43.470 [info] Added views:workbench.views.profiles.import.preview in userDataProfiles
2024-02-25 06:51:06.470 [info] View visibility state changed: npm is now visible Explorer
2024-02-25 06:51:06.476 [info] Showing view npm in the container workbench.view.explorer
2024-02-25 06:51:06.485 [info] Added views:npm in workbench.view.explorer
2024-02-25 06:51:09.058 [info] Removed views:workbench.panel.repl.view from workbench.panel.repl
2024-02-25 06:51:10.530 [info] Removed views:github.cweijan.mysql from workbench.view.extension.github-cweijan-mysql
2024-02-25 06:51:10.547 [info] Added views:github.cweijan.mysql in workbench.view.explorer
2024-02-25 06:51:10.551 [info] Removed views:github.cweijan.nosql from workbench.view.extension.github-cweijan-nosql
2024-02-25 06:51:10.559 [info] Added views:github.cweijan.nosql in workbench.view.explorer
2024-02-25 06:51:10.570 [info] Removed views:thunder-client-sidebar from workbench.view.extension.thunder-client
2024-02-25 06:51:10.577 [info] Added views:thunder-client-sidebar in workbench.view.explorer
2024-02-25 06:51:10.581 [info] Removed views:tabnine.chat.authenticate from workbench.view.extension.tabnine
2024-02-25 06:51:10.591 [info] Added views:tabnine.chat.authenticate in workbench.view.explorer
2024-02-25 06:51:10.598 [info] Removed views:tabnine.chat.authenticate,thunder-client-sidebar,github.cweijan.nosql,github.cweijan.mysql from workbench.view.explorer
2024-02-25 06:51:13.090 [info] Removed views:workbench.views.profiles.import.preview from userDataProfiles
2024-02-25 06:51:13.359 [info] Added views:workbench.panel.repl.view in workbench.panel.repl
2024-02-25 06:52:57.086 [info] Removed views:extensions.recommendedList,workbench.views.extensions.installed from workbench.view.extensions
2024-02-25 06:52:57.112 [info] Added views:workbench.views.extensions.marketplace in workbench.view.extensions
2024-02-25 06:53:24.583 [info] Added views:learn-vim in workbench.view.extension.learn-vim-container
2024-02-25 06:54:46.904 [info] Added views:workbench.panel.markers.view in workbench.panel.markers
2024-02-25 06:54:46.905 [info] Added views:workbench.panel.output in workbench.panel.output
2024-02-25 06:54:46.905 [info] Added views:terminal in terminal
2024-02-25 06:54:46.905 [info] Added views:outline in workbench.view.explorer
2024-02-25 06:54:46.905 [info] Added views:workbench.scm in workbench.view.scm
2024-02-25 06:54:46.905 [info] Added views:workbench.view.search in workbench.view.search
2024-02-25 06:54:46.905 [info] Added views:timeline in workbench.view.explorer
2024-02-25 06:54:46.905 [info] Added views:workbench.explorer.fileView in workbench.view.explorer
2024-02-25 06:54:47.557 [info] Added views:workbench.debug.welcome in workbench.view.debug
2024-02-25 06:54:48.889 [info] Added views:mysql in workbench.view.explorer
2024-02-25 06:54:48.890 [info] Added views:learn-vim in workbench.view.extension.learn-vim-container
2024-02-25 06:54:50.176 [info] Added views:workbench.panel.repl.view in workbench.panel.repl
2024-02-25 06:54:55.029 [info] Added views:npm in workbench.view.explorer
2024-02-25 06:54:58.870 [info] Added views:~remote.forwardedPorts in ~remote.forwardedPortsContainer
2024-02-25 06:55:00.090 [info] Added views:workbench.views.extensions.installed,extensions.recommendedList in workbench.view.extensions
2024-02-25 06:55:42.681 [info] Removed views:extensions.recommendedList,workbench.views.extensions.installed from workbench.view.extensions
2024-02-25 06:55:42.707 [info] Added views:workbench.views.extensions.marketplace in workbench.view.extensions
